<?xml version="1.0" encoding="utf-8"?><testsuites><testsuite name="pytest" errors="0" failures="14" skipped="0" tests="16" time="25.376" timestamp="2025-02-18T01:56:23.300676+00:00" hostname="53e5f633061f"><testcase classname="tests.anarchy_copilot.api.test_proxy_api.TestProxyAPI" name="test_httpbin_ready" time="0.574" /><testcase classname="tests.anarchy_copilot.api.test_proxy_api.TestProxyAPI" name="test_start_proxy" time="5.516"><failure message="assert 404 == 201&#10; +  where 404 = &lt;Response [404 Not Found]&gt;.status_code">tests/anarchy_copilot/api/test_proxy_api.py:72: in test_start_proxy
    assert response.status_code == 201
E   assert 404 == 201
E    +  where 404 = &lt;Response [404 Not Found]&gt;.status_code</failure></testcase><testcase classname="tests.anarchy_copilot.api.test_proxy_api.TestProxyAPI" name="test_stop_proxy" time="0.509"><failure message="assert 404 == 201&#10; +  where 404 = &lt;Response [404 Not Found]&gt;.status_code">tests/anarchy_copilot/api/test_proxy_api.py:151: in test_stop_proxy
    assert response.status_code == 201
E   assert 404 == 201
E    +  where 404 = &lt;Response [404 Not Found]&gt;.status_code</failure></testcase><testcase classname="tests.anarchy_copilot.api.test_proxy_api.TestProxyAPI" name="test_proxy_status" time="0.508" /><testcase classname="tests.anarchy_copilot.api.test_proxy_api.TestProxyAPI" name="test_start_proxy_failure" time="0.507"><failure message="assert 404 in (400, 422)&#10; +  where 404 = &lt;Response [404 Not Found]&gt;.status_code">tests/anarchy_copilot/api/test_proxy_api.py:200: in test_start_proxy_failure
    assert response.status_code in (400, 422)
E   assert 404 in (400, 422)
E    +  where 404 = &lt;Response [404 Not Found]&gt;.status_code</failure></testcase><testcase classname="tests.anarchy_copilot.api.test_proxy_encoding_errors" name="test_corrupted_gzip" time="1.515"><failure message="RuntimeError: Failed to start proxy: {&quot;detail&quot;:&quot;Not Found&quot;}">tests/anarchy_copilot/api/test_proxy_encoding_errors.py:13: in test_corrupted_gzip
    async for client_data in proxy_client:
tests/anarchy_copilot/api/conftest.py:391: in proxy_client
    raise RuntimeError(f"Failed to start proxy: {response.text}")
E   RuntimeError: Failed to start proxy: {"detail":"Not Found"}</failure></testcase><testcase classname="tests.anarchy_copilot.api.test_proxy_encoding_errors" name="test_invalid_content_encoding" time="1.511"><failure message="RuntimeError: Failed to start proxy: {&quot;detail&quot;:&quot;Not Found&quot;}">tests/anarchy_copilot/api/test_proxy_encoding_errors.py:38: in test_invalid_content_encoding
    async for client_data in proxy_client:
tests/anarchy_copilot/api/conftest.py:391: in proxy_client
    raise RuntimeError(f"Failed to start proxy: {response.text}")
E   RuntimeError: Failed to start proxy: {"detail":"Not Found"}</failure></testcase><testcase classname="tests.anarchy_copilot.api.test_proxy_encoding_errors" name="test_mismatched_content_length" time="1.510"><failure message="RuntimeError: Failed to start proxy: {&quot;detail&quot;:&quot;Not Found&quot;}">tests/anarchy_copilot/api/test_proxy_encoding_errors.py:57: in test_mismatched_content_length
    async for client_data in proxy_client:
tests/anarchy_copilot/api/conftest.py:391: in proxy_client
    raise RuntimeError(f"Failed to start proxy: {response.text}")
E   RuntimeError: Failed to start proxy: {"detail":"Not Found"}</failure></testcase><testcase classname="tests.anarchy_copilot.api.test_proxy_encoding_errors" name="test_invalid_charset" time="1.511"><failure message="RuntimeError: Failed to start proxy: {&quot;detail&quot;:&quot;Not Found&quot;}">tests/anarchy_copilot/api/test_proxy_encoding_errors.py:83: in test_invalid_charset
    async for client_data in proxy_client:
tests/anarchy_copilot/api/conftest.py:391: in proxy_client
    raise RuntimeError(f"Failed to start proxy: {response.text}")
E   RuntimeError: Failed to start proxy: {"detail":"Not Found"}</failure></testcase><testcase classname="tests.anarchy_copilot.api.test_proxy_encoding_errors" name="test_mixed_encodings" time="1.511"><failure message="RuntimeError: Failed to start proxy: {&quot;detail&quot;:&quot;Not Found&quot;}">tests/anarchy_copilot/api/test_proxy_encoding_errors.py:101: in test_mixed_encodings
    async for client_data in proxy_client:
tests/anarchy_copilot/api/conftest.py:391: in proxy_client
    raise RuntimeError(f"Failed to start proxy: {response.text}")
E   RuntimeError: Failed to start proxy: {"detail":"Not Found"}</failure></testcase><testcase classname="tests.anarchy_copilot.api.test_proxy_encoding_errors" name="test_empty_compressed" time="1.510"><failure message="RuntimeError: Failed to start proxy: {&quot;detail&quot;:&quot;Not Found&quot;}">tests/anarchy_copilot/api/test_proxy_encoding_errors.py:126: in test_empty_compressed
    async for client_data in proxy_client:
tests/anarchy_copilot/api/conftest.py:391: in proxy_client
    raise RuntimeError(f"Failed to start proxy: {response.text}")
E   RuntimeError: Failed to start proxy: {"detail":"Not Found"}</failure></testcase><testcase classname="tests.anarchy_copilot.api.test_proxy_encoding" name="test_gzip_compression" time="1.510"><failure message="RuntimeError: Failed to start proxy: {&quot;detail&quot;:&quot;Not Found&quot;}">tests/anarchy_copilot/api/test_proxy_encoding.py:14: in test_gzip_compression
    async for client_data in proxy_client:
tests/anarchy_copilot/api/conftest.py:391: in proxy_client
    raise RuntimeError(f"Failed to start proxy: {response.text}")
E   RuntimeError: Failed to start proxy: {"detail":"Not Found"}</failure></testcase><testcase classname="tests.anarchy_copilot.api.test_proxy_encoding" name="test_deflate_compression" time="1.516"><failure message="RuntimeError: Failed to start proxy: {&quot;detail&quot;:&quot;Not Found&quot;}">tests/anarchy_copilot/api/test_proxy_encoding.py:46: in test_deflate_compression
    async for client_data in proxy_client:
tests/anarchy_copilot/api/conftest.py:391: in proxy_client
    raise RuntimeError(f"Failed to start proxy: {response.text}")
E   RuntimeError: Failed to start proxy: {"detail":"Not Found"}</failure></testcase><testcase classname="tests.anarchy_copilot.api.test_proxy_encoding" name="test_brotli_compression" time="1.510"><failure message="RuntimeError: Failed to start proxy: {&quot;detail&quot;:&quot;Not Found&quot;}">tests/anarchy_copilot/api/test_proxy_encoding.py:76: in test_brotli_compression
    async for client_data in proxy_client:
tests/anarchy_copilot/api/conftest.py:391: in proxy_client
    raise RuntimeError(f"Failed to start proxy: {response.text}")
E   RuntimeError: Failed to start proxy: {"detail":"Not Found"}</failure></testcase><testcase classname="tests.anarchy_copilot.api.test_proxy_encoding" name="test_multiple_encodings" time="1.514"><failure message="RuntimeError: Failed to start proxy: {&quot;detail&quot;:&quot;Not Found&quot;}">tests/anarchy_copilot/api/test_proxy_encoding.py:106: in test_multiple_encodings
    async for client_data in proxy_client:
tests/anarchy_copilot/api/conftest.py:391: in proxy_client
    raise RuntimeError(f"Failed to start proxy: {response.text}")
E   RuntimeError: Failed to start proxy: {"detail":"Not Found"}</failure></testcase><testcase classname="tests.anarchy_copilot.api.test_proxy_encoding" name="test_charset_encoding" time="1.510"><failure message="RuntimeError: Failed to start proxy: {&quot;detail&quot;:&quot;Not Found&quot;}">tests/anarchy_copilot/api/test_proxy_encoding.py:136: in test_charset_encoding
    async for client_data in proxy_client:
tests/anarchy_copilot/api/conftest.py:391: in proxy_client
    raise RuntimeError(f"Failed to start proxy: {response.text}")
E   RuntimeError: Failed to start proxy: {"detail":"Not Found"}</failure></testcase><testcase time="0.000" /></testsuite></testsuites>